#! /usr/bin/vvp
:ivl_version "12.0 (stable)";
:ivl_delay_selection "TYPICAL";
:vpi_time_precision + 0;
:vpi_module "/usr/lib/x86_64-linux-gnu/ivl/system.vpi";
:vpi_module "/usr/lib/x86_64-linux-gnu/ivl/vhdl_sys.vpi";
:vpi_module "/usr/lib/x86_64-linux-gnu/ivl/vhdl_textio.vpi";
:vpi_module "/usr/lib/x86_64-linux-gnu/ivl/v2005_math.vpi";
:vpi_module "/usr/lib/x86_64-linux-gnu/ivl/va_math.vpi";
S_0x63e34f832050 .scope module, "timer_tb" "timer_tb" 2 1;
 .timescale 0 0;
P_0x63e34f833bb0 .param/l "N" 0 2 2, +C4<00000000000000000000000000001010>;
v0x63e34f848a90_0 .var "clk", 0 0;
v0x63e34f848b50_0 .net "done", 0 0, v0x63e34f8484b0_0;  1 drivers
v0x63e34f848c20_0 .var "end_val", 9 0;
v0x63e34f848d20_0 .var "load_Val", 9 0;
v0x63e34f848df0_0 .var "rst", 0 0;
v0x63e34f848ee0_0 .var "start", 0 0;
S_0x63e34f832230 .scope module, "dut" "timer" 2 11, 3 1 0, S_0x63e34f832050;
 .timescale 0 0;
    .port_info 0 /INPUT 1 "clk";
    .port_info 1 /INPUT 1 "rst";
    .port_info 2 /INPUT 1 "start";
    .port_info 3 /INPUT 10 "load_Val";
    .port_info 4 /INPUT 10 "end_val";
    .port_info 5 /OUTPUT 1 "done";
P_0x63e34f832410 .param/l "N" 0 3 2, +C4<00000000000000000000000000001010>;
v0x63e34f7f5550_0 .net "clk", 0 0, v0x63e34f848a90_0;  1 drivers
v0x63e34f8483d0_0 .var "count", 9 0;
v0x63e34f8484b0_0 .var "done", 0 0;
v0x63e34f848580_0 .net "end_val", 9 0, v0x63e34f848c20_0;  1 drivers
v0x63e34f848660_0 .net "load_Val", 9 0, v0x63e34f848d20_0;  1 drivers
v0x63e34f848790_0 .net "rst", 0 0, v0x63e34f848df0_0;  1 drivers
v0x63e34f848850_0 .var "running", 0 0;
v0x63e34f848910_0 .net "start", 0 0, v0x63e34f848ee0_0;  1 drivers
E_0x63e34f7f5f10 .event posedge, v0x63e34f848790_0, v0x63e34f7f5550_0;
    .scope S_0x63e34f832230;
T_0 ;
    %wait E_0x63e34f7f5f10;
    %load/vec4 v0x63e34f848790_0;
    %flag_set/vec4 8;
    %jmp/0xz  T_0.0, 8;
    %pushi/vec4 0, 0, 10;
    %assign/vec4 v0x63e34f8483d0_0, 0;
    %pushi/vec4 0, 0, 1;
    %assign/vec4 v0x63e34f848850_0, 0;
    %pushi/vec4 0, 0, 1;
    %assign/vec4 v0x63e34f8484b0_0, 0;
    %jmp T_0.1;
T_0.0 ;
    %load/vec4 v0x63e34f848910_0;
    %flag_set/vec4 8;
    %jmp/0xz  T_0.2, 8;
    %load/vec4 v0x63e34f848660_0;
    %assign/vec4 v0x63e34f8483d0_0, 0;
    %pushi/vec4 1, 0, 1;
    %assign/vec4 v0x63e34f848850_0, 0;
    %pushi/vec4 0, 0, 1;
    %assign/vec4 v0x63e34f8484b0_0, 0;
    %jmp T_0.3;
T_0.2 ;
    %load/vec4 v0x63e34f848850_0;
    %flag_set/vec4 8;
    %jmp/0xz  T_0.4, 8;
    %load/vec4 v0x63e34f848580_0;
    %load/vec4 v0x63e34f8483d0_0;
    %cmp/u;
    %jmp/0xz  T_0.6, 5;
    %load/vec4 v0x63e34f8483d0_0;
    %subi 1, 0, 10;
    %assign/vec4 v0x63e34f8483d0_0, 0;
    %jmp T_0.7;
T_0.6 ;
    %pushi/vec4 0, 0, 1;
    %assign/vec4 v0x63e34f848850_0, 0;
    %pushi/vec4 1, 0, 1;
    %assign/vec4 v0x63e34f8484b0_0, 0;
T_0.7 ;
T_0.4 ;
T_0.3 ;
T_0.1 ;
    %jmp T_0;
    .thread T_0;
    .scope S_0x63e34f832050;
T_1 ;
    %pushi/vec4 0, 0, 1;
    %store/vec4 v0x63e34f848a90_0, 0, 1;
    %pushi/vec4 1, 0, 1;
    %store/vec4 v0x63e34f848df0_0, 0, 1;
    %pushi/vec4 0, 0, 1;
    %store/vec4 v0x63e34f848ee0_0, 0, 1;
    %pushi/vec4 0, 0, 10;
    %store/vec4 v0x63e34f848d20_0, 0, 10;
    %pushi/vec4 0, 0, 10;
    %store/vec4 v0x63e34f848c20_0, 0, 10;
    %end;
    .thread T_1;
    .scope S_0x63e34f832050;
T_2 ;
    %delay 5, 0;
    %load/vec4 v0x63e34f848a90_0;
    %inv;
    %assign/vec4 v0x63e34f848a90_0, 0;
    %jmp T_2;
    .thread T_2;
    .scope S_0x63e34f832050;
T_3 ;
    %vpi_call 2 22 "$dumpfile", "Timer.vcd" {0 0 0};
    %vpi_call 2 23 "$dumpvars", 32'sb00000000000000000000000000000000, S_0x63e34f832050 {0 0 0};
    %delay 10, 0;
    %pushi/vec4 0, 0, 1;
    %store/vec4 v0x63e34f848df0_0, 0, 1;
    %delay 5, 0;
    %pushi/vec4 7, 0, 10;
    %store/vec4 v0x63e34f848d20_0, 0, 10;
    %pushi/vec4 1, 0, 1;
    %store/vec4 v0x63e34f848ee0_0, 0, 1;
    %delay 15, 0;
    %pushi/vec4 2, 0, 10;
    %store/vec4 v0x63e34f848c20_0, 0, 10;
    %delay 10, 0;
    %pushi/vec4 0, 0, 1;
    %store/vec4 v0x63e34f848ee0_0, 0, 1;
    %delay 100, 0;
    %delay 5, 0;
    %pushi/vec4 5, 0, 10;
    %store/vec4 v0x63e34f848d20_0, 0, 10;
    %pushi/vec4 1, 0, 1;
    %store/vec4 v0x63e34f848ee0_0, 0, 1;
    %delay 15, 0;
    %pushi/vec4 1, 0, 10;
    %store/vec4 v0x63e34f848c20_0, 0, 10;
    %delay 10, 0;
    %pushi/vec4 0, 0, 1;
    %store/vec4 v0x63e34f848ee0_0, 0, 1;
    %delay 150, 0;
    %vpi_call 2 33 "$finish" {0 0 0};
    %end;
    .thread T_3;
# The file index is used to find the file name in the following table.
:file_names 4;
    "N/A";
    "<interactive>";
    "timer_tb.v";
    "timer.v";
